#
# There is insufficient memory for the Java Runtime Environment to continue.
# Native memory allocation (malloc) failed to allocate 32744 bytes for ChunkPool::allocate
# Possible reasons:
#   The system is out of physical RAM or swap space
#   In 32 bit mode, the process size limit was hit
# Possible solutions:
#   Reduce memory load on the system
#   Increase physical memory or swap space
#   Check if swap backing store is full
#   Use 64 bit Java on a 64 bit OS
#   Decrease Java heap size (-Xmx/-Xms)
#   Decrease number of Java threads
#   Decrease Java thread stack sizes (-Xss)
#   Set larger code cache with -XX:ReservedCodeCacheSize=
# This output file may be truncated or incomplete.
#
#  Out of Memory Error (allocation.cpp:273), pid=18408, tid=0x00000000000022c4
#
# JRE version: Java(TM) SE Runtime Environment (8.0_181-b13) (build 1.8.0_181-b13)
# Java VM: Java HotSpot(TM) 64-Bit Server VM (25.181-b13 mixed mode windows-amd64 compressed oops)
# Failed to write core dump. Minidumps are not enabled by default on client versions of Windows
#

---------------  T H R E A D  ---------------

Current thread (0x0000000015747000):  JavaThread "C2 CompilerThread1" daemon [_thread_in_native, id=8900, stack(0x0000000016eb0000,0x0000000016fb0000)]

Stack: [0x0000000016eb0000,0x0000000016fb0000]
[error occurred during error reporting (printing stack bounds), id 0xc0000005]

Native frames: (J=compiled Java code, j=interpreted, Vv=VM code, C=native code)


Current CompileTask:
C2:    207  113       4       java.lang.String::hashCode (55 bytes)


---------------  P R O C E S S  ---------------

Java Threads: ( => current thread )
  0x0000000017177800 JavaThread "ReaderThread" [_thread_in_native, id=13568, stack(0x00000000176b0000,0x00000000177b0000)]
  0x000000001579d800 JavaThread "Service Thread" daemon [_thread_blocked, id=16364, stack(0x00000000174b0000,0x00000000175b0000)]
  0x000000001574b800 JavaThread "C1 CompilerThread2" daemon [_thread_blocked, id=14692, stack(0x0000000016fb0000,0x00000000170b0000)]
=>0x0000000015747000 JavaThread "C2 CompilerThread1" daemon [_thread_in_native, id=8900, stack(0x0000000016eb0000,0x0000000016fb0000)]
  0x000000001573f000 JavaThread "C2 CompilerThread0" daemon [_thread_blocked, id=6332, stack(0x0000000016db0000,0x0000000016eb0000)]
  0x000000001573b800 JavaThread "Attach Listener" daemon [_thread_blocked, id=5532, stack(0x0000000016cb0000,0x0000000016db0000)]
  0x000000001573a000 JavaThread "Signal Dispatcher" daemon [_thread_blocked, id=16132, stack(0x0000000016bb0000,0x0000000016cb0000)]
  0x000000001572a800 JavaThread "Finalizer" daemon [_thread_blocked, id=10936, stack(0x0000000016990000,0x0000000016a90000)]
  0x0000000003201000 JavaThread "Reference Handler" daemon [_thread_blocked, id=16408, stack(0x0000000016890000,0x0000000016990000)]
  0x0000000002f5d800 JavaThread "main" [_thread_in_Java, id=14648, stack(0x0000000003010000,0x0000000003110000)]

Other Threads:
  0x0000000015708000 VMThread [stack: 0x0000000016790000,0x0000000016890000] [id=16596]
  0x00000000170ee000 WatcherThread [stack: 0x00000000175b0000,0x00000000176b0000] [id=16184]

VM state:not at safepoint (normal execution)

VM Mutex/Monitor currently owned by a thread: None

Heap:
 PSYoungGen      total 18432K, used 2873K [0x00000000eb980000, 0x00000000ece00000, 0x0000000100000000)
  eden space 15872K, 18% used [0x00000000eb980000,0x00000000ebc4e4b8,0x00000000ec900000)
  from space 2560K, 0% used [0x00000000ecb80000,0x00000000ecb80000,0x00000000ece00000)
  to   space 2560K, 0% used [0x00000000ec900000,0x00000000ec900000,0x00000000ecb80000)
 ParOldGen       total 42496K, used 0K [0x00000000c2c00000, 0x00000000c5580000, 0x00000000eb980000)
  object space 42496K, 0% used [0x00000000c2c00000,0x00000000c2c00000,0x00000000c5580000)
 Metaspace       used 3580K, capacity 4748K, committed 4864K, reserved 1056768K
  class space    used 412K, capacity 456K, committed 512K, reserved 1048576K

Card table byte_map: [0x00000000125d0000,0x00000000127c0000] byte_map_base: 0x0000000011fba000

Marking Bits: (ParMarkBitMap*) 0x0000000076672d00
 Begin Bits: [0x0000000012d10000, 0x0000000013c60000)
 End Bits:   [0x0000000013c60000, 0x0000000014bb0000)

Polling page: 0x0000000000df0000

CodeCache: size=245760Kb used=1316Kb max_used=1316Kb free=244443Kb
 bounds [0x0000000003210000, 0x0000000003480000, 0x0000000012210000]
 total_blobs=367 nmethods=114 adapters=166
 compilation: enabled

Compilation events (10 events):
Event: 0.198 Thread 0x000000001574b800 nmethod 107 0x000000000334e510 code [0x000000000334e680, 0x000000000334e970]
Event: 0.198 Thread 0x000000001574b800  108       3       java.nio.charset.CharsetEncoder::maxBytesPerChar (5 bytes)
Event: 0.198 Thread 0x000000001574b800 nmethod 108 0x000000000334ead0 code [0x000000000334ec20, 0x000000000334ed70]
Event: 0.198 Thread 0x000000001574b800  109       3       java.util.zip.ZipFile::ensureOpen (37 bytes)
Event: 0.198 Thread 0x000000001574b800 nmethod 109 0x000000000334edd0 code [0x000000000334ef60, 0x000000000334f238]
Event: 0.198 Thread 0x000000001574b800  110       3       java.util.zip.ZipCoder::getBytes (192 bytes)
Event: 0.200 Thread 0x000000001574b800 nmethod 110 0x000000000334f350 code [0x000000000334f700, 0x0000000003351998]
Event: 0.201 Thread 0x000000001574b800  112   !   3       java.net.URL::<init> (543 bytes)
Event: 0.201 Thread 0x0000000015747000  113       4       java.lang.String::hashCode (55 bytes)
Event: 0.202 Thread 0x000000001573f000  115       4       java.lang.String::startsWith (72 bytes)

GC Heap History (0 events):
No events

Deoptimization events (0 events):
No events

Classes redefined (0 events):
No events

Internal exceptions (2 events):
Event: 0.044 Thread 0x0000000002f5d800 Exception <a 'java/lang/NoSuchMethodError': Method sun.misc.Unsafe.defineClass(Ljava/lang/String;[BII)Ljava/lang/Class; name or signature does not match> (0x00000000eb987cb0) thrown at [C:\re\workspace\8-2-build-windows-amd64-cygwin\jdk8u181\11358\hotspot
Event: 0.044 Thread 0x0000000002f5d800 Exception <a 'java/lang/NoSuchMethodError': Method sun.misc.Unsafe.prefetchRead(Ljava/lang/Object;J)V name or signature does not match> (0x00000000eb987f98) thrown at [C:\re\workspace\8-2-build-windows-amd64-cygwin\jdk8u181\11358\hotspot\src\share\vm\prim

Events (10 events):
Event: 0.200 loading class org/junit/internal/runners/statements/ExpectException
Event: 0.200 loading class org/junit/internal/runners/statements/ExpectException done
Event: 0.201 loading class org/junit/internal/runners/statements/InvokeMethod
Event: 0.201 loading class org/junit/internal/runners/statements/InvokeMethod done
Event: 0.201 loading class org/junit/internal/runners/statements/Fail
Event: 0.201 loading class org/junit/internal/runners/statements/Fail done
Event: 0.201 loading class org/junit/runners/BlockJUnit4ClassRunner$1
Event: 0.201 loading class org/junit/runners/BlockJUnit4ClassRunner$1 done
Event: 0.202 loading class org/junit/validator/TestClassValidator
Event: 0.202 loading class org/junit/validator/TestClassValidator done


Dynamic libraries:
0x00007ff667da0000 - 0x00007ff667dd7000 	C:\Program Files\Java\jre1.8.0_181\bin\javaw.exe
0x00007ffaae580000 - 0x00007ffaae770000 	C:\WINDOWS\SYSTEM32\ntdll.dll
0x00007ffaacef0000 - 0x00007ffaacfa2000 	C:\WINDOWS\System32\KERNEL32.DLL
0x00007ffaabf60000 - 0x00007ffaac204000 	C:\WINDOWS\System32\KERNELBASE.dll
0x00007ffaade60000 - 0x00007ffaadf03000 	C:\WINDOWS\System32\ADVAPI32.dll
0x00007ffaae300000 - 0x00007ffaae39e000 	C:\WINDOWS\System32\msvcrt.dll
0x00007ffaad190000 - 0x00007ffaad227000 	C:\WINDOWS\System32\sechost.dll
0x00007ffaad070000 - 0x00007ffaad190000 	C:\WINDOWS\System32\RPCRT4.dll
0x00007ffaadf10000 - 0x00007ffaae0a5000 	C:\WINDOWS\System32\USER32.dll
0x00007ffaab500000 - 0x00007ffaab521000 	C:\WINDOWS\System32\win32u.dll
0x00007ffaae510000 - 0x00007ffaae536000 	C:\WINDOWS\System32\GDI32.dll
0x00007ffaac210000 - 0x00007ffaac3a6000 	C:\WINDOWS\System32\gdi32full.dll
0x00007ffaac590000 - 0x00007ffaac62e000 	C:\WINDOWS\System32\msvcp_win.dll
0x00007ffaac3b0000 - 0x00007ffaac4aa000 	C:\WINDOWS\System32\ucrtbase.dll
0x00007ffaa5170000 - 0x00007ffaa53f4000 	C:\WINDOWS\WinSxS\amd64_microsoft.windows.common-controls_6595b64144ccf1df_6.0.18362.1016_none_9e7a36bbe461dae4\COMCTL32.dll
0x00007ffaac6e0000 - 0x00007ffaaca15000 	C:\WINDOWS\System32\combase.dll
0x00007ffaabee0000 - 0x00007ffaabf60000 	C:\WINDOWS\System32\bcryptPrimitives.dll
0x00007ffaae3a0000 - 0x00007ffaae3ce000 	C:\WINDOWS\System32\IMM32.DLL
0x0000000075bb0000 - 0x0000000075c82000 	C:\Program Files\Java\jre1.8.0_181\bin\msvcr100.dll
0x0000000075e50000 - 0x00000000766f2000 	C:\Program Files\Java\jre1.8.0_181\bin\server\jvm.dll
0x00007ffaad520000 - 0x00007ffaad528000 	C:\WINDOWS\System32\PSAPI.DLL
0x00007ffaa8e30000 - 0x00007ffaa8e54000 	C:\WINDOWS\SYSTEM32\WINMM.dll
0x00007ffa9d9b0000 - 0x00007ffa9d9ba000 	C:\WINDOWS\SYSTEM32\VERSION.dll
0x00007ffa9b1b0000 - 0x00007ffa9b1b9000 	C:\WINDOWS\SYSTEM32\WSOCK32.dll
0x00007ffaa8e00000 - 0x00007ffaa8e2d000 	C:\WINDOWS\SYSTEM32\WINMMBASE.dll
0x00007ffaad360000 - 0x00007ffaad3cf000 	C:\WINDOWS\System32\WS2_32.dll
0x00007ffaac4e0000 - 0x00007ffaac52a000 	C:\WINDOWS\System32\cfgmgr32.dll
0x0000000075d60000 - 0x0000000075d6f000 	C:\Program Files\Java\jre1.8.0_181\bin\verify.dll
0x0000000075d30000 - 0x0000000075d59000 	C:\Program Files\Java\jre1.8.0_181\bin\java.dll
0x0000000075d10000 - 0x0000000075d26000 	C:\Program Files\Java\jre1.8.0_181\bin\zip.dll
0x00007ffaad5c0000 - 0x00007ffaadca7000 	C:\WINDOWS\System32\SHELL32.dll
0x00007ffaacfb0000 - 0x00007ffaad059000 	C:\WINDOWS\System32\shcore.dll
0x00007ffaab750000 - 0x00007ffaabed2000 	C:\WINDOWS\System32\windows.storage.dll
0x00007ffaab4b0000 - 0x00007ffaab4d3000 	C:\WINDOWS\System32\profapi.dll
0x00007ffaab460000 - 0x00007ffaab4aa000 	C:\WINDOWS\System32\powrprof.dll
0x00007ffaab430000 - 0x00007ffaab440000 	C:\WINDOWS\System32\UMPDC.dll
0x00007ffaace90000 - 0x00007ffaacee2000 	C:\WINDOWS\System32\shlwapi.dll
0x00007ffaab440000 - 0x00007ffaab451000 	C:\WINDOWS\System32\kernel.appcore.dll
0x00007ffaab730000 - 0x00007ffaab747000 	C:\WINDOWS\System32\cryptsp.dll
0x0000000075cf0000 - 0x0000000075d0a000 	C:\Program Files\Java\jre1.8.0_181\bin\net.dll
0x00007ffaaac30000 - 0x00007ffaaac97000 	C:\WINDOWS\system32\mswsock.dll

VM Arguments:
jvm_args: -ea -Dfile.encoding=Cp1252 
java_command: org.eclipse.jdt.internal.junit.runner.RemoteTestRunner -version 3 -port 52151 -testLoaderClass org.eclipse.jdt.internal.junit4.runner.JUnit4TestLoader -loaderpluginname org.eclipse.jdt.junit4.runtime -classNames test.EmployeeTest
java_class_path (initial): C:\Users\Rafael\eclipse-workspace\tallerpruebas\bin;C:\Users\Rafael\Videos\lib\hamcrest-core-1.3.jar;C:\Users\Rafael\Videos\lib\junit-4.13.jar;C:\Users\Rafael\eclipse\java-2020-03\eclipse\configuration\org.eclipse.osgi\221\0\.cp;C:\Users\Rafael\eclipse\java-2020-03\eclipse\configuration\org.eclipse.osgi\220\0\.cp
Launcher Type: SUN_STANDARD

Environment Variables:
PATH=C:/Program Files/Java/jre1.8.0_181/bin/server;C:/Program Files/Java/jre1.8.0_181/bin;C:/Program Files/Java/jre1.8.0_181/lib/amd64;C:\Program Files (x86)\Common Files\Oracle\Java\javapath;C:\WINDOWS\system32;C:\WINDOWS;C:\WINDOWS\System32\Wbem;C:\WINDOWS\System32\WindowsPowerShell\v1.0\;C:\Program Files\Git\cmd;C:\WINDOWS\System32\OpenSSH\;C:\Users\Rafael\AppData\Local\Microsoft\WindowsApps;;C:\WINDOWS\system32;
USERNAME=Rafael
OS=Windows_NT
PROCESSOR_IDENTIFIER=Intel64 Family 6 Model 58 Stepping 9, GenuineIntel



---------------  S Y S T E M  ---------------

OS: Windows 10.0 , 64 bit Build 18362 (10.0.18362.959)

CPU:total 4 (initial active 4) (2 cores per cpu, 2 threads per core) family 6 model 58 stepping 9, cmov, cx8, fxsr, mmx, sse, sse2, sse3, ssse3, sse4.1, sse4.2, popcnt, avx, aes, clmul, erms, ht, tsc, tscinvbit, tscinv

Memory: 4k page, physical 4008296k(270152k free), swap 16066920k(2796k free)

vm_info: Java HotSpot(TM) 64-Bit Server VM (25.181-b13) for windows-amd64 JRE (1.8.0_181-b13), built on Jul  7 2018 04:01:33 by "java_re" with MS VC++ 10.0 (VS2010)

time: Wed Aug 26 15:10:20 2020
elapsed time: 0 seconds (0d 0h 0m 0s)

