#
# There is insufficient memory for the Java Runtime Environment to continue.
# Native memory allocation (malloc) failed to allocate 32744 bytes for ChunkPool::allocate
# Possible reasons:
#   The system is out of physical RAM or swap space
#   In 32 bit mode, the process size limit was hit
# Possible solutions:
#   Reduce memory load on the system
#   Increase physical memory or swap space
#   Check if swap backing store is full
#   Use 64 bit Java on a 64 bit OS
#   Decrease Java heap size (-Xmx/-Xms)
#   Decrease number of Java threads
#   Decrease Java thread stack sizes (-Xss)
#   Set larger code cache with -XX:ReservedCodeCacheSize=
# This output file may be truncated or incomplete.
#
#  Out of Memory Error (allocation.cpp:273), pid=12192, tid=0x0000000000003a9c
#
# JRE version: Java(TM) SE Runtime Environment (8.0_181-b13) (build 1.8.0_181-b13)
# Java VM: Java HotSpot(TM) 64-Bit Server VM (25.181-b13 mixed mode windows-amd64 compressed oops)
# Failed to write core dump. Minidumps are not enabled by default on client versions of Windows
#

---------------  T H R E A D  ---------------

Current thread (0x000000001576f000):  JavaThread "C1 CompilerThread2" daemon [_thread_in_native, id=15004, stack(0x0000000016fe0000,0x00000000170e0000)]

Stack: [0x0000000016fe0000,0x00000000170e0000]
[error occurred during error reporting (printing stack bounds), id 0xc0000005]

Native frames: (J=compiled Java code, j=interpreted, Vv=VM code, C=native code)


Current CompileTask:
C1:    468  154       3       java.net.URLStreamHandler::parseURL (1193 bytes)


---------------  P R O C E S S  ---------------

Java Threads: ( => current thread )
  0x00000000171eb800 JavaThread "ReaderThread" [_thread_in_native, id=12820, stack(0x00000000176e0000,0x00000000177e0000)]
  0x0000000017100800 JavaThread "Service Thread" daemon [_thread_blocked, id=13888, stack(0x00000000174e0000,0x00000000175e0000)]
=>0x000000001576f000 JavaThread "C1 CompilerThread2" daemon [_thread_in_native, id=15004, stack(0x0000000016fe0000,0x00000000170e0000)]
  0x0000000015767000 JavaThread "C2 CompilerThread1" daemon [_thread_blocked, id=8676, stack(0x0000000016ee0000,0x0000000016fe0000)]
  0x0000000015760800 JavaThread "C2 CompilerThread0" daemon [_thread_in_native, id=12300, stack(0x0000000016de0000,0x0000000016ee0000)]
  0x000000001575a000 JavaThread "Attach Listener" daemon [_thread_blocked, id=14896, stack(0x0000000016ce0000,0x0000000016de0000)]
  0x0000000015764800 JavaThread "Signal Dispatcher" daemon [_thread_blocked, id=10784, stack(0x0000000016be0000,0x0000000016ce0000)]
  0x000000001574a800 JavaThread "Finalizer" daemon [_thread_blocked, id=13896, stack(0x00000000169c0000,0x0000000016ac0000)]
  0x0000000015729000 JavaThread "Reference Handler" daemon [_thread_blocked, id=5772, stack(0x00000000168c0000,0x00000000169c0000)]
  0x0000000002fdd800 JavaThread "main" [_thread_in_vm, id=3044, stack(0x0000000003030000,0x0000000003130000)]

Other Threads:
  0x0000000015728000 VMThread [stack: 0x00000000167c0000,0x00000000168c0000] [id=4892]
  0x00000000157be800 WatcherThread [stack: 0x00000000175e0000,0x00000000176e0000] [id=4036]

VM state:not at safepoint (normal execution)

VM Mutex/Monitor currently owned by a thread:  ([mutex/lock_event])
[0x0000000002fdcf50] AdapterHandlerLibrary_lock - owner thread: 0x0000000002fdd800

Heap:
 PSYoungGen      total 18432K, used 3229K [0x00000000eb980000, 0x00000000ece00000, 0x0000000100000000)
  eden space 15872K, 20% used [0x00000000eb980000,0x00000000ebca7530,0x00000000ec900000)
  from space 2560K, 0% used [0x00000000ecb80000,0x00000000ecb80000,0x00000000ece00000)
  to   space 2560K, 0% used [0x00000000ec900000,0x00000000ec900000,0x00000000ecb80000)
 ParOldGen       total 42496K, used 0K [0x00000000c2c00000, 0x00000000c5580000, 0x00000000eb980000)
  object space 42496K, 0% used [0x00000000c2c00000,0x00000000c2c00000,0x00000000c5580000)
 Metaspace       used 4144K, capacity 4960K, committed 5248K, reserved 1056768K
  class space    used 488K, capacity 532K, committed 640K, reserved 1048576K

Card table byte_map: [0x00000000125f0000,0x00000000127e0000] byte_map_base: 0x0000000011fda000

Marking Bits: (ParMarkBitMap*) 0x0000000076672d00
 Begin Bits: [0x0000000012d30000, 0x0000000013c80000)
 End Bits:   [0x0000000013c80000, 0x0000000014bd0000)

Polling page: 0x00000000012b0000

CodeCache: size=245760Kb used=1400Kb max_used=1411Kb free=244359Kb
 bounds [0x0000000003230000, 0x00000000034a0000, 0x0000000012230000]
 total_blobs=415 nmethods=153 adapters=175
 compilation: enabled

Compilation events (10 events):
Event: 0.457 Thread 0x000000001576f000 nmethod 149 0x000000000338ddd0 code [0x000000000338df40, 0x000000000338e228]
Event: 0.462 Thread 0x000000001576f000  150       3       java.nio.DirectLongBufferU::get (16 bytes)
Event: 0.462 Thread 0x000000001576f000 nmethod 150 0x000000000338d550 code [0x000000000338d6c0, 0x000000000338d930]
Event: 0.462 Thread 0x000000001576f000  152       3       java.nio.DirectLongBufferU::put (18 bytes)
Event: 0.462 Thread 0x000000001576f000 nmethod 152 0x000000000338d050 code [0x000000000338d1c0, 0x000000000338d430]
Event: 0.463 Thread 0x000000001576f000  153       3       sun.net.www.protocol.file.Handler::parseURL (18 bytes)
Event: 0.463 Thread 0x0000000015760800  155       4       java.lang.String::indexOf (166 bytes)
Event: 0.463 Thread 0x000000001576f000 nmethod 153 0x000000000338cb50 code [0x000000000338ccc0, 0x000000000338cf38]
Event: 0.463 Thread 0x000000001576f000  154       3       java.net.URLStreamHandler::parseURL (1193 bytes)
Event: 0.465 Thread 0x0000000015767000  156       4       java.lang.String::lastIndexOf (52 bytes)

GC Heap History (0 events):
No events

Deoptimization events (0 events):
No events

Classes redefined (0 events):
No events

Internal exceptions (6 events):
Event: 0.047 Thread 0x0000000002fdd800 Exception <a 'java/lang/NoSuchMethodError': Method sun.misc.Unsafe.defineClass(Ljava/lang/String;[BII)Ljava/lang/Class; name or signature does not match> (0x00000000eb987cb0) thrown at [C:\re\workspace\8-2-build-windows-amd64-cygwin\jdk8u181\11358\hotspot
Event: 0.047 Thread 0x0000000002fdd800 Exception <a 'java/lang/NoSuchMethodError': Method sun.misc.Unsafe.prefetchRead(Ljava/lang/Object;J)V name or signature does not match> (0x00000000eb987f98) thrown at [C:\re\workspace\8-2-build-windows-amd64-cygwin\jdk8u181\11358\hotspot\src\share\vm\prim
Event: 0.374 Thread 0x0000000002fdd800 Exception <a 'java/security/PrivilegedActionException'> (0x00000000ebaf81d0) thrown at [C:\re\workspace\8-2-build-windows-amd64-cygwin\jdk8u181\11358\hotspot\src\share\vm\prims\jvm.cpp, line 1435]
Event: 0.374 Thread 0x0000000002fdd800 Exception <a 'java/security/PrivilegedActionException'> (0x00000000ebaf85c8) thrown at [C:\re\workspace\8-2-build-windows-amd64-cygwin\jdk8u181\11358\hotspot\src\share\vm\prims\jvm.cpp, line 1435]
Event: 0.375 Thread 0x0000000002fdd800 Exception <a 'java/security/PrivilegedActionException'> (0x00000000ebafc608) thrown at [C:\re\workspace\8-2-build-windows-amd64-cygwin\jdk8u181\11358\hotspot\src\share\vm\prims\jvm.cpp, line 1435]
Event: 0.375 Thread 0x0000000002fdd800 Exception <a 'java/security/PrivilegedActionException'> (0x00000000ebafca00) thrown at [C:\re\workspace\8-2-build-windows-amd64-cygwin\jdk8u181\11358\hotspot\src\share\vm\prims\jvm.cpp, line 1435]

Events (10 events):
Event: 0.462 loading class org/junit/runners/model/FrameworkMethod
Event: 0.462 loading class org/junit/runners/model/FrameworkMethod done
Event: 0.463 loading class org/junit/runners/model/FrameworkField
Event: 0.463 loading class org/junit/runners/model/FrameworkField done
Event: 0.463 Thread 0x0000000002fdd800 DEOPT PACKING pc=0x0000000003344ff6 sp=0x000000000312bcc0
Event: 0.463 Thread 0x0000000002fdd800 DEOPT UNPACKING pc=0x0000000003277890 sp=0x000000000312b998 mode 0
Event: 0.464 loading class java/lang/IllegalAccessException
Event: 0.465 loading class java/lang/IllegalAccessException done
Event: 0.465 loading class org/junit/runners/model/TestClass$FieldComparator
Event: 0.465 loading class org/junit/runners/model/TestClass$FieldComparator done


Dynamic libraries:
0x00007ff667da0000 - 0x00007ff667dd7000 	C:\Program Files\Java\jre1.8.0_181\bin\javaw.exe
0x00007ffaae580000 - 0x00007ffaae770000 	C:\WINDOWS\SYSTEM32\ntdll.dll
0x00007ffaacef0000 - 0x00007ffaacfa2000 	C:\WINDOWS\System32\KERNEL32.DLL
0x00007ffaabf60000 - 0x00007ffaac204000 	C:\WINDOWS\System32\KERNELBASE.dll
0x00007ffaade60000 - 0x00007ffaadf03000 	C:\WINDOWS\System32\ADVAPI32.dll
0x00007ffaae300000 - 0x00007ffaae39e000 	C:\WINDOWS\System32\msvcrt.dll
0x00007ffaad190000 - 0x00007ffaad227000 	C:\WINDOWS\System32\sechost.dll
0x00007ffaad070000 - 0x00007ffaad190000 	C:\WINDOWS\System32\RPCRT4.dll
0x00007ffaadf10000 - 0x00007ffaae0a5000 	C:\WINDOWS\System32\USER32.dll
0x00007ffaab500000 - 0x00007ffaab521000 	C:\WINDOWS\System32\win32u.dll
0x00007ffaae510000 - 0x00007ffaae536000 	C:\WINDOWS\System32\GDI32.dll
0x00007ffaac210000 - 0x00007ffaac3a6000 	C:\WINDOWS\System32\gdi32full.dll
0x00007ffaac590000 - 0x00007ffaac62e000 	C:\WINDOWS\System32\msvcp_win.dll
0x00007ffaac3b0000 - 0x00007ffaac4aa000 	C:\WINDOWS\System32\ucrtbase.dll
0x00007ffaa5170000 - 0x00007ffaa53f4000 	C:\WINDOWS\WinSxS\amd64_microsoft.windows.common-controls_6595b64144ccf1df_6.0.18362.1016_none_9e7a36bbe461dae4\COMCTL32.dll
0x00007ffaac6e0000 - 0x00007ffaaca15000 	C:\WINDOWS\System32\combase.dll
0x00007ffaabee0000 - 0x00007ffaabf60000 	C:\WINDOWS\System32\bcryptPrimitives.dll
0x00007ffaae3a0000 - 0x00007ffaae3ce000 	C:\WINDOWS\System32\IMM32.DLL
0x0000000075bb0000 - 0x0000000075c82000 	C:\Program Files\Java\jre1.8.0_181\bin\msvcr100.dll
0x0000000075e50000 - 0x00000000766f2000 	C:\Program Files\Java\jre1.8.0_181\bin\server\jvm.dll
0x00007ffaad520000 - 0x00007ffaad528000 	C:\WINDOWS\System32\PSAPI.DLL
0x00007ffaa8e30000 - 0x00007ffaa8e54000 	C:\WINDOWS\SYSTEM32\WINMM.dll
0x00007ffa9d9b0000 - 0x00007ffa9d9ba000 	C:\WINDOWS\SYSTEM32\VERSION.dll
0x00007ffaa8e00000 - 0x00007ffaa8e2d000 	C:\WINDOWS\SYSTEM32\winmmbase.dll
0x00007ffaac4e0000 - 0x00007ffaac52a000 	C:\WINDOWS\System32\cfgmgr32.dll
0x00007ffa9b1b0000 - 0x00007ffa9b1b9000 	C:\WINDOWS\SYSTEM32\WSOCK32.dll
0x00007ffaad360000 - 0x00007ffaad3cf000 	C:\WINDOWS\System32\WS2_32.dll
0x0000000075d60000 - 0x0000000075d6f000 	C:\Program Files\Java\jre1.8.0_181\bin\verify.dll
0x0000000075d30000 - 0x0000000075d59000 	C:\Program Files\Java\jre1.8.0_181\bin\java.dll
0x0000000075d10000 - 0x0000000075d26000 	C:\Program Files\Java\jre1.8.0_181\bin\zip.dll
0x00007ffaad5c0000 - 0x00007ffaadca7000 	C:\WINDOWS\System32\SHELL32.dll
0x00007ffaacfb0000 - 0x00007ffaad059000 	C:\WINDOWS\System32\shcore.dll
0x00007ffaab750000 - 0x00007ffaabed2000 	C:\WINDOWS\System32\windows.storage.dll
0x00007ffaab4b0000 - 0x00007ffaab4d3000 	C:\WINDOWS\System32\profapi.dll
0x00007ffaab460000 - 0x00007ffaab4aa000 	C:\WINDOWS\System32\powrprof.dll
0x00007ffaab430000 - 0x00007ffaab440000 	C:\WINDOWS\System32\UMPDC.dll
0x00007ffaace90000 - 0x00007ffaacee2000 	C:\WINDOWS\System32\shlwapi.dll
0x00007ffaab440000 - 0x00007ffaab451000 	C:\WINDOWS\System32\kernel.appcore.dll
0x00007ffaab730000 - 0x00007ffaab747000 	C:\WINDOWS\System32\cryptsp.dll
0x0000000075cf0000 - 0x0000000075d0a000 	C:\Program Files\Java\jre1.8.0_181\bin\net.dll
0x00007ffaaac30000 - 0x00007ffaaac97000 	C:\WINDOWS\system32\mswsock.dll

VM Arguments:
jvm_args: -ea -Dfile.encoding=Cp1252 
java_command: org.eclipse.jdt.internal.junit.runner.RemoteTestRunner -version 3 -port 52176 -testLoaderClass org.eclipse.jdt.internal.junit4.runner.JUnit4TestLoader -loaderpluginname org.eclipse.jdt.junit4.runtime -test test.EmployeeTest:CalculateYearBonusSupervisorEurotest
java_class_path (initial): C:\Users\Rafael\eclipse-workspace\tallerpruebas\bin;C:\Users\Rafael\Videos\lib\hamcrest-core-1.3.jar;C:\Users\Rafael\Videos\lib\junit-4.13.jar;C:\Users\Rafael\eclipse\java-2020-03\eclipse\configuration\org.eclipse.osgi\221\0\.cp;C:\Users\Rafael\eclipse\java-2020-03\eclipse\configuration\org.eclipse.osgi\220\0\.cp
Launcher Type: SUN_STANDARD

Environment Variables:
PATH=C:/Program Files/Java/jre1.8.0_181/bin/server;C:/Program Files/Java/jre1.8.0_181/bin;C:/Program Files/Java/jre1.8.0_181/lib/amd64;C:\Program Files (x86)\Common Files\Oracle\Java\javapath;C:\WINDOWS\system32;C:\WINDOWS;C:\WINDOWS\System32\Wbem;C:\WINDOWS\System32\WindowsPowerShell\v1.0\;C:\Program Files\Git\cmd;C:\WINDOWS\System32\OpenSSH\;C:\Users\Rafael\AppData\Local\Microsoft\WindowsApps;;C:\WINDOWS\system32;
USERNAME=Rafael
OS=Windows_NT
PROCESSOR_IDENTIFIER=Intel64 Family 6 Model 58 Stepping 9, GenuineIntel



---------------  S Y S T E M  ---------------

OS: Windows 10.0 , 64 bit Build 18362 (10.0.18362.959)

CPU:total 4 (initial active 4) (2 cores per cpu, 2 threads per core) family 6 model 58 stepping 9, cmov, cx8, fxsr, mmx, sse, sse2, sse3, ssse3, sse4.1, sse4.2, popcnt, avx, aes, clmul, erms, ht, tsc, tscinvbit, tscinv

Memory: 4k page, physical 4008296k(301088k free), swap 16066920k(1932k free)

vm_info: Java HotSpot(TM) 64-Bit Server VM (25.181-b13) for windows-amd64 JRE (1.8.0_181-b13), built on Jul  7 2018 04:01:33 by "java_re" with MS VC++ 10.0 (VS2010)

time: Wed Aug 26 15:10:56 2020
elapsed time: 0 seconds (0d 0h 0m 0s)

