#
# There is insufficient memory for the Java Runtime Environment to continue.
# Native memory allocation (malloc) failed to allocate 1048576 bytes for AllocateHeap
# Possible reasons:
#   The system is out of physical RAM or swap space
#   In 32 bit mode, the process size limit was hit
# Possible solutions:
#   Reduce memory load on the system
#   Increase physical memory or swap space
#   Check if swap backing store is full
#   Use 64 bit Java on a 64 bit OS
#   Decrease Java heap size (-Xmx/-Xms)
#   Decrease number of Java threads
#   Decrease Java thread stack sizes (-Xss)
#   Set larger code cache with -XX:ReservedCodeCacheSize=
# This output file may be truncated or incomplete.
#
#  Out of Memory Error (memory/allocation.inline.hpp:61), pid=6600, tid=0x0000000000002930
#
# JRE version:  (8.0_181-b13) (build )
# Java VM: Java HotSpot(TM) 64-Bit Server VM (25.181-b13 mixed mode windows-amd64 compressed oops)
# Failed to write core dump. Minidumps are not enabled by default on client versions of Windows
#

---------------  T H R E A D  ---------------

Current thread (0x000000000235d800):  JavaThread "Unknown thread" [_thread_in_vm, id=10544, stack(0x0000000002460000,0x0000000002560000)]

Stack: [0x0000000002460000,0x0000000002560000]
[error occurred during error reporting (printing stack bounds), id 0xc0000005]

Native frames: (J=compiled Java code, j=interpreted, Vv=VM code, C=native code)


---------------  P R O C E S S  ---------------

Java Threads: ( => current thread )

Other Threads:

=>0x000000000235d800 (exited) JavaThread "Unknown thread" [_thread_in_vm, id=10544, stack(0x0000000002460000,0x0000000002560000)]

VM state:not at safepoint (normal execution)

VM Mutex/Monitor currently owned by a thread: None

Heap:
 PSYoungGen      total 18432K, used 317K [0x00000000eb980000, 0x00000000ece00000, 0x0000000100000000)
  eden space 15872K, 2% used [0x00000000eb980000,0x00000000eb9cf5d0,0x00000000ec900000)
  from space 2560K, 0% used [0x00000000ecb80000,0x00000000ecb80000,0x00000000ece00000)
  to   space 2560K, 0% used [0x00000000ec900000,0x00000000ec900000,0x00000000ecb80000)
 ParOldGen       total 42496K, used 0K [0x00000000c2c00000, 0x00000000c5580000, 0x00000000eb980000)
  object space 42496K, 0% used [0x00000000c2c00000,0x00000000c2c00000,0x00000000c5580000)
 Metaspace       used 751K, capacity 4480K, committed 4480K, reserved 1056768K
  class space    used 76K, capacity 384K, committed 384K, reserved 1048576K

Card table byte_map: [0x0000000011a20000,0x0000000011c10000] byte_map_base: 0x000000001140a000

Marking Bits: (ParMarkBitMap*) 0x0000000076672d00
 Begin Bits: [0x0000000012160000, 0x00000000130b0000)
 End Bits:   [0x00000000130b0000, 0x0000000014000000)

Polling page: 0x00000000006f0000

CodeCache: size=245760Kb used=328Kb max_used=328Kb free=245431Kb
 bounds [0x0000000002660000, 0x00000000028d0000, 0x0000000011660000]
 total_blobs=58 nmethods=0 adapters=38
 compilation: enabled

Compilation events (0 events):
No events

GC Heap History (0 events):
No events

Deoptimization events (0 events):
No events

Classes redefined (0 events):
No events

Internal exceptions (0 events):
No events

Events (10 events):
Event: 0.034 loading class java/lang/Short
Event: 0.034 loading class java/lang/Short done
Event: 0.034 loading class java/lang/Integer
Event: 0.034 loading class java/lang/Integer done
Event: 0.034 loading class java/lang/Long
Event: 0.035 loading class java/lang/Long done
Event: 0.035 loading class java/lang/NullPointerException
Event: 0.035 loading class java/lang/NullPointerException done
Event: 0.035 loading class java/lang/ArithmeticException
Event: 0.035 loading class java/lang/ArithmeticException done


Dynamic libraries:
0x00007ff667da0000 - 0x00007ff667dd7000 	C:\Program Files\Java\jre1.8.0_181\bin\javaw.exe
0x00007ffaae580000 - 0x00007ffaae770000 	C:\WINDOWS\SYSTEM32\ntdll.dll
0x00007ffaacef0000 - 0x00007ffaacfa2000 	C:\WINDOWS\System32\KERNEL32.DLL
0x00007ffaabf60000 - 0x00007ffaac204000 	C:\WINDOWS\System32\KERNELBASE.dll
0x00007ffaade60000 - 0x00007ffaadf03000 	C:\WINDOWS\System32\ADVAPI32.dll
0x00007ffaae300000 - 0x00007ffaae39e000 	C:\WINDOWS\System32\msvcrt.dll
0x00007ffaad190000 - 0x00007ffaad227000 	C:\WINDOWS\System32\sechost.dll
0x00007ffaad070000 - 0x00007ffaad190000 	C:\WINDOWS\System32\RPCRT4.dll
0x00007ffaadf10000 - 0x00007ffaae0a5000 	C:\WINDOWS\System32\USER32.dll
0x00007ffaab500000 - 0x00007ffaab521000 	C:\WINDOWS\System32\win32u.dll
0x00007ffaae510000 - 0x00007ffaae536000 	C:\WINDOWS\System32\GDI32.dll
0x00007ffaac210000 - 0x00007ffaac3a6000 	C:\WINDOWS\System32\gdi32full.dll
0x00007ffaac590000 - 0x00007ffaac62e000 	C:\WINDOWS\System32\msvcp_win.dll
0x00007ffaac3b0000 - 0x00007ffaac4aa000 	C:\WINDOWS\System32\ucrtbase.dll
0x00007ffaa5170000 - 0x00007ffaa53f4000 	C:\WINDOWS\WinSxS\amd64_microsoft.windows.common-controls_6595b64144ccf1df_6.0.18362.1016_none_9e7a36bbe461dae4\COMCTL32.dll
0x00007ffaac6e0000 - 0x00007ffaaca15000 	C:\WINDOWS\System32\combase.dll
0x00007ffaabee0000 - 0x00007ffaabf60000 	C:\WINDOWS\System32\bcryptPrimitives.dll
0x00007ffaae3a0000 - 0x00007ffaae3ce000 	C:\WINDOWS\System32\IMM32.DLL
0x0000000075bb0000 - 0x0000000075c82000 	C:\Program Files\Java\jre1.8.0_181\bin\msvcr100.dll
0x0000000075e50000 - 0x00000000766f2000 	C:\Program Files\Java\jre1.8.0_181\bin\server\jvm.dll
0x00007ffaad520000 - 0x00007ffaad528000 	C:\WINDOWS\System32\PSAPI.DLL
0x00007ffaa8e30000 - 0x00007ffaa8e54000 	C:\WINDOWS\SYSTEM32\WINMM.dll
0x00007ffa9b1b0000 - 0x00007ffa9b1b9000 	C:\WINDOWS\SYSTEM32\WSOCK32.dll
0x00007ffaad360000 - 0x00007ffaad3cf000 	C:\WINDOWS\System32\WS2_32.dll
0x00007ffa9d9b0000 - 0x00007ffa9d9ba000 	C:\WINDOWS\SYSTEM32\VERSION.dll
0x00007ffaa8e00000 - 0x00007ffaa8e2d000 	C:\WINDOWS\SYSTEM32\WINMMBASE.dll
0x00007ffaac4e0000 - 0x00007ffaac52a000 	C:\WINDOWS\System32\cfgmgr32.dll
0x0000000075d60000 - 0x0000000075d6f000 	C:\Program Files\Java\jre1.8.0_181\bin\verify.dll
0x0000000075d30000 - 0x0000000075d59000 	C:\Program Files\Java\jre1.8.0_181\bin\java.dll
0x0000000075d10000 - 0x0000000075d26000 	C:\Program Files\Java\jre1.8.0_181\bin\zip.dll

VM Arguments:
jvm_args: -ea -Dfile.encoding=Cp1252 
java_command: org.eclipse.jdt.internal.junit.runner.RemoteTestRunner -version 3 -port 52193 -testLoaderClass org.eclipse.jdt.internal.junit4.runner.JUnit4TestLoader -loaderpluginname org.eclipse.jdt.junit4.runtime -test test.EmployeeTest:CalculateYearBonusSupervisorEurotest
java_class_path (initial): C:\Users\Rafael\eclipse-workspace\tallerpruebas\bin;C:\Users\Rafael\Videos\lib\hamcrest-core-1.3.jar;C:\Users\Rafael\Videos\lib\junit-4.13.jar;C:\Users\Rafael\eclipse\java-2020-03\eclipse\configuration\org.eclipse.osgi\221\0\.cp;C:\Users\Rafael\eclipse\java-2020-03\eclipse\configuration\org.eclipse.osgi\220\0\.cp
Launcher Type: SUN_STANDARD

Environment Variables:
PATH=C:/Program Files/Java/jre1.8.0_181/bin/server;C:/Program Files/Java/jre1.8.0_181/bin;C:/Program Files/Java/jre1.8.0_181/lib/amd64;C:\Program Files (x86)\Common Files\Oracle\Java\javapath;C:\WINDOWS\system32;C:\WINDOWS;C:\WINDOWS\System32\Wbem;C:\WINDOWS\System32\WindowsPowerShell\v1.0\;C:\Program Files\Git\cmd;C:\WINDOWS\System32\OpenSSH\;C:\Users\Rafael\AppData\Local\Microsoft\WindowsApps;;C:\WINDOWS\system32;
USERNAME=Rafael
OS=Windows_NT
PROCESSOR_IDENTIFIER=Intel64 Family 6 Model 58 Stepping 9, GenuineIntel



---------------  S Y S T E M  ---------------

OS: Windows 10.0 , 64 bit Build 18362 (10.0.18362.959)

CPU:total 4 (initial active 4) (2 cores per cpu, 2 threads per core) family 6 model 58 stepping 9, cmov, cx8, fxsr, mmx, sse, sse2, sse3, ssse3, sse4.1, sse4.2, popcnt, avx, aes, clmul, erms, ht, tsc, tscinvbit, tscinv

Memory: 4k page, physical 4008296k(344984k free), swap 16066920k(5816k free)

vm_info: Java HotSpot(TM) 64-Bit Server VM (25.181-b13) for windows-amd64 JRE (1.8.0_181-b13), built on Jul  7 2018 04:01:33 by "java_re" with MS VC++ 10.0 (VS2010)

time: Wed Aug 26 15:11:22 2020
elapsed time: 0 seconds (0d 0h 0m 0s)

